<?xml version="1.0" encoding="UTF-8"?>
<testsuite name="it.unicam.cs.fl.mpproject.api.TestDirection" tests="1" skipped="0" failures="0" errors="0" timestamp="2023-09-16T17:05:33" hostname="DESKTOP-H408RFD" time="0.043">
  <properties/>
  <testcase name="testDsetGridPos()" classname="it.unicam.cs.fl.mpproject.api.TestDirection" time="0.043"/>
  <system-out><![CDATA[]]></system-out>
  <system-err><![CDATA[]]></system-err>
</testsuite>
