<?xml version="1.0" encoding="UTF-8"?>
<testsuite name="it.unicam.cs.fl.mpproject.api.TestRobotLabel" tests="2" skipped="0" failures="0" errors="0" timestamp="2023-09-16T17:05:33" hostname="DESKTOP-H408RFD" time="0.002">
  <properties/>
  <testcase name="testLequalLabel()" classname="it.unicam.cs.fl.mpproject.api.TestRobotLabel" time="0.0"/>
  <testcase name="testLequalObject()" classname="it.unicam.cs.fl.mpproject.api.TestRobotLabel" time="0.001"/>
  <system-out><![CDATA[]]></system-out>
  <system-err><![CDATA[]]></system-err>
</testsuite>
