<?xml version="1.0" encoding="UTF-8"?>
<testsuite name="it.unicam.cs.fl.mpproject.api.TestGeneralController" tests="3" skipped="0" failures="0" errors="0" timestamp="2023-09-16T17:05:33" hostname="DESKTOP-H408RFD" time="0.061">
  <properties/>
  <testcase name="testGCreadRobots()" classname="it.unicam.cs.fl.mpproject.api.TestGeneralController" time="0.022"/>
  <testcase name="testGCreadShapes()" classname="it.unicam.cs.fl.mpproject.api.TestGeneralController" time="0.02"/>
  <testcase name="testGCreadCMDsToList()" classname="it.unicam.cs.fl.mpproject.api.TestGeneralController" time="0.016"/>
  <system-out><![CDATA[]]></system-out>
  <system-err><![CDATA[]]></system-err>
</testsuite>
