<?xml version="1.0" encoding="UTF-8"?>
<testsuite name="it.unicam.cs.fl.mpproject.api.TestShapeParsingHandler" tests="1" skipped="0" failures="0" errors="0" timestamp="2023-09-16T17:05:33" hostname="DESKTOP-H408RFD" time="0.003">
  <properties/>
  <testcase name="testShapeParsing()" classname="it.unicam.cs.fl.mpproject.api.TestShapeParsingHandler" time="0.003"/>
  <system-out><![CDATA[]]></system-out>
  <system-err><![CDATA[]]></system-err>
</testsuite>
