<?xml version="1.0" encoding="UTF-8"?>
<testsuite name="it.unicam.cs.fl.mpproject.api.TestGeneralCalculator" tests="3" skipped="0" failures="0" errors="0" timestamp="2023-09-16T17:05:33" hostname="DESKTOP-H408RFD" time="0.014">
  <properties/>
  <testcase name="testRandomGridPos()" classname="it.unicam.cs.fl.mpproject.api.TestGeneralCalculator" time="0.002"/>
  <testcase name="testIsBetween()" classname="it.unicam.cs.fl.mpproject.api.TestGeneralCalculator" time="0.004"/>
  <testcase name="testAvgGridPos()" classname="it.unicam.cs.fl.mpproject.api.TestGeneralCalculator" time="0.004"/>
  <system-out><![CDATA[]]></system-out>
  <system-err><![CDATA[]]></system-err>
</testsuite>
