<?xml version="1.0" encoding="UTF-8"?>
<testsuite name="it.unicam.cs.fl.mpproject.api.TestShape" tests="3" skipped="0" failures="0" errors="0" timestamp="2023-09-16T17:05:33" hostname="DESKTOP-H408RFD" time="0.004">
  <properties/>
  <testcase name="testSgetCoordinatesAndSetCoordinates()" classname="it.unicam.cs.fl.mpproject.api.TestShape" time="0.001"/>
  <testcase name="testCSgetDimensions()" classname="it.unicam.cs.fl.mpproject.api.TestShape" time="0.001"/>
  <testcase name="testRSgetDimensions()" classname="it.unicam.cs.fl.mpproject.api.TestShape" time="0.0"/>
  <system-out><![CDATA[]]></system-out>
  <system-err><![CDATA[]]></system-err>
</testsuite>
